{"C:\\Users\\User\\Desktop\\Nest\\pokecraft\\client\\src\\App.tsx": {"path":"C:\\Users\\User\\Desktop\\Nest\\pokecraft\\client\\src\\App.tsx","statementMap":{"0":{"start":{"line":6,"column":2},"end":{"line":15,"column":3}}},"fnMap":{"0":{"name":"App","decl":{"start":{"line":5,"column":9},"end":{"line":5,"column":12}},"loc":{"start":{"line":5,"column":15},"end":{"line":16,"column":1}},"line":5}},"branchMap":{},"s":{"0":2},"f":{"0":2},"b":{},"_coverageSchema":"1a1c01bbd47fc00a2c39e90264f33305004495a9","hash":"def56064785354a2c5b245ad3364c429e52e4b34"}
,"C:\\Users\\User\\Desktop\\Nest\\pokecraft\\client\\src\\components\\Add.tsx": {"path":"C:\\Users\\User\\Desktop\\Nest\\pokecraft\\client\\src\\components\\Add.tsx","statementMap":{"0":{"start":{"line":5,"column":19},"end":{"line":36,"column":1}},"1":{"start":{"line":6,"column":15},"end":{"line":6,"column":33}},"2":{"start":{"line":7,"column":19},"end":{"line":7,"column":35}},"3":{"start":{"line":8,"column":23},"end":{"line":11,"column":3}},"4":{"start":{"line":9,"column":4},"end":{"line":9,"column":22}},"5":{"start":{"line":10,"column":4},"end":{"line":10,"column":47}},"6":{"start":{"line":12,"column":2},"end":{"line":35,"column":3}},"7":{"start":{"line":18,"column":26},"end":{"line":18,"column":55}},"8":{"start":{"line":23,"column":24},"end":{"line":23,"column":39}},"9":{"start":{"line":30,"column":23},"end":{"line":30,"column":44}}},"fnMap":{"0":{"name":"(anonymous_0)","decl":{"start":{"line":5,"column":19},"end":{"line":5,"column":20}},"loc":{"start":{"line":5,"column":25},"end":{"line":36,"column":1}},"line":5},"1":{"name":"(anonymous_1)","decl":{"start":{"line":8,"column":23},"end":{"line":8,"column":24}},"loc":{"start":{"line":8,"column":52},"end":{"line":11,"column":3}},"line":8},"2":{"name":"(anonymous_2)","decl":{"start":{"line":18,"column":18},"end":{"line":18,"column":19}},"loc":{"start":{"line":18,"column":26},"end":{"line":18,"column":55}},"line":18},"3":{"name":"(anonymous_3)","decl":{"start":{"line":23,"column":17},"end":{"line":23,"column":18}},"loc":{"start":{"line":23,"column":24},"end":{"line":23,"column":39}},"line":23},"4":{"name":"(anonymous_4)","decl":{"start":{"line":30,"column":17},"end":{"line":30,"column":18}},"loc":{"start":{"line":30,"column":23},"end":{"line":30,"column":44}},"line":30}},"branchMap":{},"s":{"0":1,"1":2,"2":2,"3":2,"4":0,"5":0,"6":2,"7":0,"8":0,"9":0},"f":{"0":2,"1":0,"2":0,"3":0,"4":0},"b":{},"_coverageSchema":"1a1c01bbd47fc00a2c39e90264f33305004495a9","hash":"4e83995ecc0d74738a6b0d17792dfce12b1128c3"}
,"C:\\Users\\User\\Desktop\\Nest\\pokecraft\\client\\src\\components\\List.tsx": {"path":"C:\\Users\\User\\Desktop\\Nest\\pokecraft\\client\\src\\components\\List.tsx","statementMap":{"0":{"start":{"line":3,"column":20},"end":{"line":26,"column":1}},"1":{"start":{"line":4,"column":18},"end":{"line":4,"column":65}},"2":{"start":{"line":4,"column":44},"end":{"line":4,"column":64}},"3":{"start":{"line":5,"column":2},"end":{"line":25,"column":3}},"4":{"start":{"line":17,"column":12},"end":{"line":20,"column":17}}},"fnMap":{"0":{"name":"(anonymous_0)","decl":{"start":{"line":3,"column":20},"end":{"line":3,"column":21}},"loc":{"start":{"line":3,"column":26},"end":{"line":26,"column":1}},"line":3},"1":{"name":"(anonymous_1)","decl":{"start":{"line":4,"column":33},"end":{"line":4,"column":34}},"loc":{"start":{"line":4,"column":44},"end":{"line":4,"column":64}},"line":4},"2":{"name":"(anonymous_2)","decl":{"start":{"line":16,"column":23},"end":{"line":16,"column":24}},"loc":{"start":{"line":17,"column":12},"end":{"line":20,"column":17}},"line":17}},"branchMap":{},"s":{"0":1,"1":2,"2":4,"3":2,"4":0},"f":{"0":2,"1":4,"2":0},"b":{},"_coverageSchema":"1a1c01bbd47fc00a2c39e90264f33305004495a9","hash":"27be2f113074870afae19e10155104f91fb0e37f"}
,"C:\\Users\\User\\Desktop\\Nest\\pokecraft\\client\\src\\components\\Texbox.tsx": {"path":"C:\\Users\\User\\Desktop\\Nest\\pokecraft\\client\\src\\components\\Texbox.tsx","statementMap":{"0":{"start":{"line":1,"column":22},"end":{"line":8,"column":1}},"1":{"start":{"line":2,"column":2},"end":{"line":7,"column":3}}},"fnMap":{"0":{"name":"(anonymous_0)","decl":{"start":{"line":1,"column":22},"end":{"line":1,"column":23}},"loc":{"start":{"line":1,"column":28},"end":{"line":8,"column":1}},"line":1}},"branchMap":{},"s":{"0":1,"1":2},"f":{"0":2},"b":{},"_coverageSchema":"1a1c01bbd47fc00a2c39e90264f33305004495a9","hash":"9181b55f10c5bf55620d7568867056472625e831"}
,"C:\\Users\\User\\Desktop\\Nest\\pokecraft\\client\\src\\components\\pokemon\\PokemonComponent.tsx": {"path":"C:\\Users\\User\\Desktop\\Nest\\pokecraft\\client\\src\\components\\pokemon\\PokemonComponent.tsx","statementMap":{"0":{"start":{"line":3,"column":32},"end":{"line":78,"column":1}},"1":{"start":{"line":4,"column":23},"end":{"line":65,"column":3}},"2":{"start":{"line":66,"column":2},"end":{"line":77,"column":3}},"3":{"start":{"line":69,"column":8},"end":{"line":74,"column":10}}},"fnMap":{"0":{"name":"(anonymous_0)","decl":{"start":{"line":3,"column":32},"end":{"line":3,"column":33}},"loc":{"start":{"line":3,"column":38},"end":{"line":78,"column":1}},"line":3},"1":{"name":"(anonymous_1)","decl":{"start":{"line":68,"column":24},"end":{"line":68,"column":25}},"loc":{"start":{"line":69,"column":8},"end":{"line":74,"column":10}},"line":69}},"branchMap":{},"s":{"0":1,"1":2,"2":2,"3":10},"f":{"0":2,"1":10},"b":{},"_coverageSchema":"1a1c01bbd47fc00a2c39e90264f33305004495a9","hash":"d5d130d438cc6a05fd301aee401a03ccea8b702e"}
,"C:\\Users\\User\\Desktop\\Nest\\pokecraft\\client\\src\\components\\pokemon\\cardPokemon\\CardPokemon.tsx": {"path":"C:\\Users\\User\\Desktop\\Nest\\pokecraft\\client\\src\\components\\pokemon\\cardPokemon\\CardPokemon.tsx","statementMap":{"0":{"start":{"line":1,"column":27},"end":{"line":25,"column":1}},"1":{"start":{"line":10,"column":2},"end":{"line":24,"column":3}}},"fnMap":{"0":{"name":"(anonymous_0)","decl":{"start":{"line":1,"column":27},"end":{"line":1,"column":28}},"loc":{"start":{"line":9,"column":6},"end":{"line":25,"column":1}},"line":9}},"branchMap":{"0":{"loc":{"start":{"line":13,"column":9},"end":{"line":20,"column":9}},"type":"cond-expr","locations":[{"start":{"line":14,"column":10},"end":{"line":17,"column":12}},{"start":{"line":19,"column":10},"end":{"line":19,"column":95}}],"line":13}},"s":{"0":1,"1":10},"f":{"0":10},"b":{"0":[10,0]},"_coverageSchema":"1a1c01bbd47fc00a2c39e90264f33305004495a9","hash":"4b23ab6e1bad42f9d57c1bba1d1250465b7468f3"}
,"C:\\Users\\User\\Desktop\\Nest\\pokecraft\\client\\src\\redux\\store.ts": {"path":"C:\\Users\\User\\Desktop\\Nest\\pokecraft\\client\\src\\redux\\store.ts","statementMap":{"0":{"start":{"line":5,"column":21},"end":{"line":9,"column":2}},"1":{"start":{"line":11,"column":59},"end":{"line":11,"column":70}},"2":{"start":{"line":14,"column":4},"end":{"line":14,"column":15}}},"fnMap":{},"branchMap":{},"s":{"0":1,"1":1,"2":1},"f":{},"b":{},"_coverageSchema":"1a1c01bbd47fc00a2c39e90264f33305004495a9","hash":"ad344bbcb9bd08b7bee0826bd08e137f4c33122e"}
,"C:\\Users\\User\\Desktop\\Nest\\pokecraft\\client\\src\\redux\\features\\personSlice.ts": {"path":"C:\\Users\\User\\Desktop\\Nest\\pokecraft\\client\\src\\redux\\features\\personSlice.ts","statementMap":{"0":{"start":{"line":13,"column":34},"end":{"line":15,"column":1}},"1":{"start":{"line":17,"column":25},"end":{"line":29,"column":1}},"2":{"start":{"line":20,"column":21},"end":{"line":25,"column":5}},"3":{"start":{"line":26,"column":34},"end":{"line":26,"column":55}},"4":{"start":{"line":27,"column":4},"end":{"line":27,"column":43}},"5":{"start":{"line":31,"column":27},"end":{"line":47,"column":2}},"6":{"start":{"line":36,"column":6},"end":{"line":39,"column":8}},"7":{"start":{"line":43,"column":4},"end":{"line":45,"column":6}},"8":{"start":{"line":44,"column":6},"end":{"line":44,"column":40}},"9":{"start":{"line":49,"column":29},"end":{"line":49,"column":48}}},"fnMap":{"0":{"name":"(anonymous_0)","decl":{"start":{"line":19,"column":2},"end":{"line":19,"column":3}},"loc":{"start":{"line":19,"column":14},"end":{"line":28,"column":3}},"line":19},"1":{"name":"(anonymous_1)","decl":{"start":{"line":35,"column":15},"end":{"line":35,"column":16}},"loc":{"start":{"line":35,"column":67},"end":{"line":40,"column":5}},"line":35},"2":{"name":"(anonymous_2)","decl":{"start":{"line":42,"column":17},"end":{"line":42,"column":18}},"loc":{"start":{"line":42,"column":30},"end":{"line":46,"column":3}},"line":42},"3":{"name":"(anonymous_3)","decl":{"start":{"line":43,"column":41},"end":{"line":43,"column":42}},"loc":{"start":{"line":43,"column":60},"end":{"line":45,"column":5}},"line":43}},"branchMap":{},"s":{"0":1,"1":1,"2":0,"3":0,"4":0,"5":1,"6":0,"7":1,"8":0,"9":1},"f":{"0":0,"1":0,"2":1,"3":0},"b":{},"_coverageSchema":"1a1c01bbd47fc00a2c39e90264f33305004495a9","hash":"89483e458ffa23e3e7f465be64a9799a827d41fd"}
}
