TN:
SF:src\App.tsx
FN:5,App
FNF:1
FNH:1
FNDA:2,App
DA:6,2
LF:1
LH:1
BRF:0
BRH:0
end_of_record
TN:
SF:src\components\Add.tsx
FN:5,(anonymous_0)
FN:8,(anonymous_1)
FN:18,(anonymous_2)
FN:23,(anonymous_3)
FN:30,(anonymous_4)
FNF:5
FNH:1
FNDA:2,(anonymous_0)
FNDA:0,(anonymous_1)
FNDA:0,(anonymous_2)
FNDA:0,(anonymous_3)
FNDA:0,(anonymous_4)
DA:5,1
DA:6,2
DA:7,2
DA:8,2
DA:9,0
DA:10,0
DA:12,2
DA:18,0
DA:23,0
DA:30,0
LF:10
LH:5
BRF:0
BRH:0
end_of_record
TN:
SF:src\components\List.tsx
FN:3,(anonymous_0)
FN:4,(anonymous_1)
FN:16,(anonymous_2)
FNF:3
FNH:2
FNDA:2,(anonymous_0)
FNDA:4,(anonymous_1)
FNDA:0,(anonymous_2)
DA:3,1
DA:4,4
DA:5,2
DA:17,0
LF:4
LH:3
BRF:0
BRH:0
end_of_record
TN:
SF:src\components\Texbox.tsx
FN:1,(anonymous_0)
FNF:1
FNH:1
FNDA:2,(anonymous_0)
DA:1,1
DA:2,2
LF:2
LH:2
BRF:0
BRH:0
end_of_record
TN:
SF:src\components\pokemon\PokemonComponent.tsx
FN:3,(anonymous_0)
FN:68,(anonymous_1)
FNF:2
FNH:2
FNDA:2,(anonymous_0)
FNDA:10,(anonymous_1)
DA:3,1
DA:4,2
DA:66,2
DA:69,10
LF:4
LH:4
BRF:0
BRH:0
end_of_record
TN:
SF:src\components\pokemon\cardPokemon\CardPokemon.tsx
FN:1,(anonymous_0)
FNF:1
FNH:1
FNDA:10,(anonymous_0)
DA:1,1
DA:10,10
LF:2
LH:2
BRDA:13,0,0,10
BRDA:13,0,1,0
BRF:2
BRH:1
end_of_record
TN:
SF:src\redux\store.ts
FNF:0
FNH:0
DA:5,1
DA:11,1
DA:14,1
LF:3
LH:3
BRF:0
BRH:0
end_of_record
TN:
SF:src\redux\features\personSlice.ts
FN:19,(anonymous_0)
FN:35,(anonymous_1)
FN:42,(anonymous_2)
FN:43,(anonymous_3)
FNF:4
FNH:1
FNDA:0,(anonymous_0)
FNDA:0,(anonymous_1)
FNDA:1,(anonymous_2)
FNDA:0,(anonymous_3)
DA:13,1
DA:17,1
DA:20,0
DA:26,0
DA:27,0
DA:31,1
DA:36,0
DA:43,1
DA:44,0
DA:49,1
LF:10
LH:5
BRF:0
BRH:0
end_of_record
